<?xml version="1.0" encoding="utf-8" standalone="no"?>
<test-results xmlns:xsi="http://www.w3.org/2001/XMLSchema-instance" xsi:noNamespaceSchemaLocation="nunit_schema_2.5.xsd" name="Pester" total="1" errors="0" failures="0" not-run="0" inconclusive="0" ignored="0" skipped="0" invalid="0" date="2025-11-13" time="07:00:59">
  <environment clr-version="9.0.10" user="Chris" cwd="C:\Users\Chris\Documents\GitHub\CoCivium" nunit-version="2.5.8.0" user-domain="X1" os-version="10.0.26220" platform="Microsoft Windows 11 Pro|C:\WINDOWS|\Device\Harddisk0\Partition3" machine-name="X1" />
  <culture-info current-culture="en-CA" current-uiculture="en-US" />
  <test-suite type="TestFixture" name="Pester" executed="True" result="Success" success="True" time="0.8742" asserts="0" description="Pester">
    <results>
      <test-suite type="TestFixture" name="C:\Users\Chris\Documents\GitHub\CoCivium\tests\heartbeat\Heartbeat.Tests.ps1" executed="True" result="Success" success="True" time="0.8742" asserts="0" description="C:\Users\Chris\Documents\GitHub\CoCivium\tests\heartbeat\Heartbeat.Tests.ps1">
        <results>
          <test-suite type="TestFixture" name="Heartbeat quick" executed="True" result="Success" success="True" time="0.1529" asserts="0" description="Heartbeat quick">
            <results>
              <test-case description="loads Emit-CoStatus (if present)" name="Heartbeat quick.loads Emit-CoStatus (if present)" time="0.098" asserts="0" success="True" result="Success" executed="True" />
            </results>
          </test-suite>
        </results>
      </test-suite>
    </results>
  </test-suite>
</test-results>